2025-03-13 21:29:55.156 [info] Reading sessions from keychain...
2025-03-13 21:29:55.156 [info] Getting sessions for all scopes...
2025-03-13 21:29:55.156 [info] Getting sessions for all scopes...
2025-03-13 21:29:55.156 [info] Getting sessions for all scopes...
2025-03-13 21:29:55.156 [info] Getting sessions for all scopes...
2025-03-13 21:29:55.156 [info] Getting sessions for all scopes...
2025-03-13 21:29:55.156 [info] Getting sessions for all scopes...
2025-03-13 21:29:55.156 [info] Getting sessions for all scopes...
2025-03-13 21:29:55.156 [info] Getting sessions for all scopes...
2025-03-13 21:29:55.233 [info] Got 0 sessions for ...
2025-03-13 21:29:55.233 [info] Got 0 sessions for ...
2025-03-13 21:29:55.233 [info] Got 0 sessions for ...
2025-03-13 21:29:55.233 [info] Got 0 sessions for ...
2025-03-13 21:29:55.233 [info] Got 0 sessions for ...
2025-03-13 21:29:55.233 [info] Got 0 sessions for ...
2025-03-13 21:29:55.233 [info] Got 0 sessions for ...
2025-03-13 21:29:55.233 [info] Got 0 sessions for ...
2025-03-13 21:29:56.300 [info] Getting sessions for all scopes...
2025-03-13 21:29:56.301 [info] Got 0 sessions for ...
2025-03-13 21:30:26.365 [info] Getting sessions for read:user,repo,user:email,workflow...
2025-03-13 21:30:26.365 [info] Got 0 sessions for read:user,repo,user:email,workflow...
2025-03-13 21:30:26.365 [info] Getting sessions for all scopes...
2025-03-13 21:30:26.365 [info] Got 0 sessions for ...
2025-03-13 21:30:26.366 [info] Getting sessions for all scopes...
2025-03-13 21:30:26.366 [info] Got 0 sessions for ...
2025-03-13 21:30:26.461 [info] Getting sessions for read:user...
2025-03-13 21:30:26.461 [info] Got 0 sessions for read:user...
2025-03-13 21:30:26.461 [info] Getting sessions for user:email...
2025-03-13 21:30:26.461 [info] Got 0 sessions for user:email...
2025-03-13 21:30:26.462 [info] Getting sessions for read:user,repo,user:email,workflow...
2025-03-13 21:30:26.462 [info] Got 0 sessions for read:user,repo,user:email,workflow...
2025-03-13 21:30:26.567 [info] Getting sessions for user:email...
2025-03-13 21:30:26.567 [info] Got 0 sessions for user:email...
2025-03-13 21:30:26.567 [info] Getting sessions for all scopes...
2025-03-13 21:30:26.567 [info] Got 0 sessions for ...
2025-03-13 21:30:26.679 [info] Getting sessions for read:user,repo,user:email,workflow...
2025-03-13 21:30:26.679 [info] Got 0 sessions for read:user,repo,user:email,workflow...
2025-03-13 21:30:26.780 [info] Getting sessions for user:email...
2025-03-13 21:30:26.780 [info] Got 0 sessions for user:email...
2025-03-13 21:30:26.921 [info] Getting sessions for all scopes...
2025-03-13 21:30:26.921 [info] Got 0 sessions for ...
2025-03-13 21:30:27.014 [info] Getting sessions for user:email...
2025-03-13 21:30:27.014 [info] Got 0 sessions for user:email...
2025-03-13 21:30:27.113 [info] Getting sessions for all scopes...
2025-03-13 21:30:27.113 [info] Got 0 sessions for ...
2025-03-13 21:30:27.133 [info] Getting sessions for all scopes...
2025-03-13 21:30:27.133 [info] Got 0 sessions for ...
2025-03-13 21:30:27.138 [info] Getting sessions for user:email...
2025-03-13 21:30:27.138 [info] Got 0 sessions for user:email...
2025-03-13 21:30:27.139 [info] Getting sessions for read:user,repo,user:email,workflow...
2025-03-13 21:30:27.139 [info] Got 0 sessions for read:user,repo,user:email,workflow...
2025-03-13 21:30:27.140 [info] Getting sessions for all scopes...
2025-03-13 21:30:27.140 [info] Got 0 sessions for ...
2025-03-13 21:30:27.140 [info] Getting sessions for all scopes...
2025-03-13 21:30:27.141 [info] Got 0 sessions for ...
2025-03-13 21:30:27.141 [info] Getting sessions for user:email...
2025-03-13 21:30:27.141 [info] Got 0 sessions for user:email...
