2025-03-13 21:30:26.480 [info] [main] Log level: Info
2025-03-13 21:30:26.480 [info] [main] Validating found git in: "git"
2025-03-13 21:30:26.480 [info] [main] Using git "2.34.1" from "git"
2025-03-13 21:30:26.480 [info] [Model][doInitialScan] Initial repository scan started
2025-03-13 21:30:26.480 [info] > git rev-parse --show-toplevel [6ms]
2025-03-13 21:30:26.480 [info] > git rev-parse --git-dir --git-common-dir [2ms]
2025-03-13 21:30:26.480 [info] [Model][openRepository] Opened repository: /home/zfarouk/Desktop/warbiiiii
2025-03-13 21:30:26.481 [info] > git config --get commit.template [9ms]
2025-03-13 21:30:26.536 [info] > git for-each-ref --format=%(refname)%00%(upstream:short)%00%(objectname)%00%(upstream:track)%00%(upstream:remotename)%00%(upstream:remoteref) refs/heads/main refs/remotes/main [7ms]
2025-03-13 21:30:26.569 [info] > git rev-parse --show-toplevel [23ms]
2025-03-13 21:30:26.580 [info] > git status -z -uall [23ms]
2025-03-13 21:30:26.580 [info] > git for-each-ref --sort -committerdate --format %(refname) %(objectname) %(*objectname) [13ms]
2025-03-13 21:30:26.645 [info] > git rev-parse --show-toplevel [67ms]
2025-03-13 21:30:26.659 [info] > git config --get commit.template [37ms]
2025-03-13 21:30:26.659 [info] > git for-each-ref --format=%(refname)%00%(upstream:short)%00%(objectname)%00%(upstream:track)%00%(upstream:remotename)%00%(upstream:remoteref) refs/heads/main refs/remotes/main [53ms]
2025-03-13 21:30:26.669 [info] > git config --local branch.main.vscode-merge-base [2ms]
2025-03-13 21:30:26.678 [info] > git rev-parse --show-toplevel [21ms]
2025-03-13 21:30:26.709 [info] > git for-each-ref --format=%(refname)%00%(upstream:short)%00%(objectname)%00%(upstream:track)%00%(upstream:remotename)%00%(upstream:remoteref) refs/heads/origin/main refs/remotes/origin/main [31ms]
2025-03-13 21:30:26.846 [info] > git merge-base refs/heads/main refs/remotes/origin/main [127ms]
2025-03-13 21:30:26.856 [info] > git rev-parse --show-toplevel [148ms]
2025-03-13 21:30:26.857 [info] > git for-each-ref --format=%(refname)%00%(upstream:short)%00%(objectname)%00%(upstream:track)%00%(upstream:remotename)%00%(upstream:remoteref) refs/heads/main refs/remotes/main [160ms]
2025-03-13 21:30:26.871 [info] > git diff --name-status -z --diff-filter=ADMR d926e6b4754f80af2bc7ec69377beae45996df64...refs/remotes/origin/main [15ms]
2025-03-13 21:30:26.874 [info] > git rev-parse --show-toplevel [4ms]
2025-03-13 21:30:26.920 [info] > git status -z -uall [11ms]
2025-03-13 21:30:26.921 [info] > git rev-parse --show-toplevel [26ms]
2025-03-13 21:30:26.935 [info] > git rev-parse --show-toplevel [5ms]
2025-03-13 21:30:26.935 [info] > git for-each-ref --sort -committerdate --format %(refname) %(objectname) %(*objectname) [16ms]
2025-03-13 21:30:26.999 [info] > git config --get commit.template [12ms]
2025-03-13 21:30:26.999 [info] > git rev-parse --show-toplevel [28ms]
2025-03-13 21:30:27.012 [info] > git check-ignore -v -z --stdin [15ms]
2025-03-13 21:30:27.029 [info] > git rev-parse --show-toplevel [17ms]
2025-03-13 21:30:27.031 [info] [Model][doInitialScan] Initial repository scan completed - repositories (1), closed repositories (0), parent repositories (0), unsafe repositories (0)
2025-03-13 21:30:27.031 [info] > git for-each-ref --format=%(refname)%00%(upstream:short)%00%(objectname)%00%(upstream:track)%00%(upstream:remotename)%00%(upstream:remoteref) refs/heads/main refs/remotes/main [3ms]
2025-03-13 21:30:27.116 [info] > git status -z -uall [14ms]
2025-03-13 21:30:27.116 [info] > git for-each-ref --sort -committerdate --format %(refname) %(objectname) %(*objectname) [3ms]
2025-03-13 21:30:28.979 [info] > git check-ignore -v -z --stdin [1ms]
2025-03-13 21:30:29.802 [info] > git config --get commit.template [9ms]
2025-03-13 21:30:29.803 [info] > git for-each-ref --format=%(refname)%00%(upstream:short)%00%(objectname)%00%(upstream:track)%00%(upstream:remotename)%00%(upstream:remoteref) refs/heads/main refs/remotes/main [2ms]
2025-03-13 21:30:29.822 [info] > git status -z -uall [11ms]
2025-03-13 21:30:29.823 [info] > git for-each-ref --sort -committerdate --format %(refname) %(objectname) %(*objectname) [4ms]
2025-03-13 21:30:34.847 [info] > git config --get commit.template [9ms]
2025-03-13 21:30:34.848 [info] > git for-each-ref --format=%(refname)%00%(upstream:short)%00%(objectname)%00%(upstream:track)%00%(upstream:remotename)%00%(upstream:remoteref) refs/heads/main refs/remotes/main [2ms]
2025-03-13 21:30:34.866 [info] > git status -z -uall [10ms]
2025-03-13 21:30:34.867 [info] > git for-each-ref --sort -committerdate --format %(refname) %(objectname) %(*objectname) [2ms]
2025-03-13 21:30:36.842 [info] > git check-ignore -v -z --stdin [1ms]
2025-03-13 21:30:39.293 [info] > git check-ignore -v -z --stdin [1ms]
2025-03-13 21:30:39.895 [info] > git config --get commit.template [11ms]
2025-03-13 21:30:39.896 [info] > git for-each-ref --format=%(refname)%00%(upstream:short)%00%(objectname)%00%(upstream:track)%00%(upstream:remotename)%00%(upstream:remoteref) refs/heads/main refs/remotes/main [2ms]
2025-03-13 21:30:39.915 [info] > git status -z -uall [10ms]
2025-03-13 21:30:39.917 [info] > git for-each-ref --sort -committerdate --format %(refname) %(objectname) %(*objectname) [2ms]
2025-03-13 21:30:44.941 [info] > git config --get commit.template [10ms]
2025-03-13 21:30:44.942 [info] > git for-each-ref --format=%(refname)%00%(upstream:short)%00%(objectname)%00%(upstream:track)%00%(upstream:remotename)%00%(upstream:remoteref) refs/heads/main refs/remotes/main [2ms]
2025-03-13 21:30:44.960 [info] > git status -z -uall [10ms]
2025-03-13 21:30:44.961 [info] > git for-each-ref --sort -committerdate --format %(refname) %(objectname) %(*objectname) [2ms]
2025-03-13 21:30:49.986 [info] > git config --get commit.template [10ms]
2025-03-13 21:30:49.987 [info] > git for-each-ref --format=%(refname)%00%(upstream:short)%00%(objectname)%00%(upstream:track)%00%(upstream:remotename)%00%(upstream:remoteref) refs/heads/main refs/remotes/main [2ms]
2025-03-13 21:30:50.006 [info] > git status -z -uall [10ms]
2025-03-13 21:30:50.009 [info] > git for-each-ref --sort -committerdate --format %(refname) %(objectname) %(*objectname) [4ms]
2025-03-13 21:30:55.033 [info] > git config --get commit.template [9ms]
2025-03-13 21:30:55.034 [info] > git for-each-ref --format=%(refname)%00%(upstream:short)%00%(objectname)%00%(upstream:track)%00%(upstream:remotename)%00%(upstream:remoteref) refs/heads/main refs/remotes/main [2ms]
2025-03-13 21:30:55.052 [info] > git status -z -uall [10ms]
2025-03-13 21:30:55.054 [info] > git for-each-ref --sort -committerdate --format %(refname) %(objectname) %(*objectname) [3ms]
2025-03-13 21:31:00.079 [info] > git config --get commit.template [10ms]
2025-03-13 21:31:00.080 [info] > git for-each-ref --format=%(refname)%00%(upstream:short)%00%(objectname)%00%(upstream:track)%00%(upstream:remotename)%00%(upstream:remoteref) refs/heads/main refs/remotes/main [2ms]
2025-03-13 21:31:00.098 [info] > git status -z -uall [10ms]
2025-03-13 21:31:00.100 [info] > git for-each-ref --sort -committerdate --format %(refname) %(objectname) %(*objectname) [3ms]
2025-03-13 21:31:05.125 [info] > git config --get commit.template [10ms]
2025-03-13 21:31:05.126 [info] > git for-each-ref --format=%(refname)%00%(upstream:short)%00%(objectname)%00%(upstream:track)%00%(upstream:remotename)%00%(upstream:remoteref) refs/heads/main refs/remotes/main [1ms]
2025-03-13 21:31:05.146 [info] > git status -z -uall [10ms]
2025-03-13 21:31:05.148 [info] > git for-each-ref --sort -committerdate --format %(refname) %(objectname) %(*objectname) [2ms]
2025-03-13 21:31:10.171 [info] > git config --get commit.template [9ms]
2025-03-13 21:31:10.172 [info] > git for-each-ref --format=%(refname)%00%(upstream:short)%00%(objectname)%00%(upstream:track)%00%(upstream:remotename)%00%(upstream:remoteref) refs/heads/main refs/remotes/main [1ms]
2025-03-13 21:31:10.191 [info] > git status -z -uall [10ms]
2025-03-13 21:31:10.192 [info] > git for-each-ref --sort -committerdate --format %(refname) %(objectname) %(*objectname) [2ms]
2025-03-13 21:31:15.217 [info] > git config --get commit.template [9ms]
2025-03-13 21:31:15.229 [info] > git for-each-ref --format=%(refname)%00%(upstream:short)%00%(objectname)%00%(upstream:track)%00%(upstream:remotename)%00%(upstream:remoteref) refs/heads/main refs/remotes/main [1ms]
2025-03-13 21:31:15.247 [info] > git status -z -uall [9ms]
2025-03-13 21:31:15.249 [info] > git for-each-ref --sort -committerdate --format %(refname) %(objectname) %(*objectname) [2ms]
2025-03-13 21:31:20.266 [info] > git config --get commit.template [2ms]
2025-03-13 21:31:20.275 [info] > git for-each-ref --format=%(refname)%00%(upstream:short)%00%(objectname)%00%(upstream:track)%00%(upstream:remotename)%00%(upstream:remoteref) refs/heads/main refs/remotes/main [1ms]
2025-03-13 21:31:20.294 [info] > git status -z -uall [10ms]
2025-03-13 21:31:20.295 [info] > git for-each-ref --sort -committerdate --format %(refname) %(objectname) %(*objectname) [2ms]
2025-03-13 21:31:25.329 [info] > git for-each-ref --format=%(refname)%00%(upstream:short)%00%(objectname)%00%(upstream:track)%00%(upstream:remotename)%00%(upstream:remoteref) refs/heads/main refs/remotes/main [10ms]
2025-03-13 21:31:25.329 [info] > git config --get commit.template [19ms]
2025-03-13 21:31:25.348 [info] > git status -z -uall [9ms]
2025-03-13 21:31:25.350 [info] > git for-each-ref --sort -committerdate --format %(refname) %(objectname) %(*objectname) [3ms]
2025-03-13 21:31:30.373 [info] > git config --get commit.template [9ms]
2025-03-13 21:31:30.374 [info] > git for-each-ref --format=%(refname)%00%(upstream:short)%00%(objectname)%00%(upstream:track)%00%(upstream:remotename)%00%(upstream:remoteref) refs/heads/main refs/remotes/main [1ms]
2025-03-13 21:31:30.392 [info] > git status -z -uall [9ms]
2025-03-13 21:31:30.394 [info] > git for-each-ref --sort -committerdate --format %(refname) %(objectname) %(*objectname) [2ms]
2025-03-13 21:31:35.419 [info] > git config --get commit.template [9ms]
2025-03-13 21:31:35.420 [info] > git for-each-ref --format=%(refname)%00%(upstream:short)%00%(objectname)%00%(upstream:track)%00%(upstream:remotename)%00%(upstream:remoteref) refs/heads/main refs/remotes/main [2ms]
2025-03-13 21:31:35.447 [info] > git status -z -uall [19ms]
2025-03-13 21:31:35.447 [info] > git for-each-ref --sort -committerdate --format %(refname) %(objectname) %(*objectname) [10ms]
2025-03-13 21:31:40.473 [info] > git config --get commit.template [9ms]
2025-03-13 21:31:40.473 [info] > git for-each-ref --format=%(refname)%00%(upstream:short)%00%(objectname)%00%(upstream:track)%00%(upstream:remotename)%00%(upstream:remoteref) refs/heads/main refs/remotes/main [1ms]
2025-03-13 21:31:40.492 [info] > git status -z -uall [10ms]
2025-03-13 21:31:40.494 [info] > git for-each-ref --sort -committerdate --format %(refname) %(objectname) %(*objectname) [2ms]
2025-03-13 21:31:45.527 [info] > git config --get commit.template [17ms]
2025-03-13 21:31:45.529 [info] > git for-each-ref --format=%(refname)%00%(upstream:short)%00%(objectname)%00%(upstream:track)%00%(upstream:remotename)%00%(upstream:remoteref) refs/heads/main refs/remotes/main [4ms]
2025-03-13 21:31:45.567 [info] > git status -z -uall [28ms]
2025-03-13 21:31:45.567 [info] > git for-each-ref --sort -committerdate --format %(refname) %(objectname) %(*objectname) [11ms]
2025-03-13 21:31:45.721 [info] > git show --textconv :src/check_map.c [50ms]
2025-03-13 21:31:45.721 [info] > git ls-files --stage -- /home/zfarouk/Desktop/warbiiiii/src/check_map.c [38ms]
2025-03-13 21:31:45.734 [info] > git cat-file -s 11c7280a7aad5d016f09825764ac1c538c4aed52 [2ms]
2025-03-13 21:32:21.433 [info] > git blame --root --incremental d926e6b4754f80af2bc7ec69377beae45996df64 -- /home/zfarouk/Desktop/warbiiiii/src/check_map.c [15ms]
2025-03-13 21:32:21.488 [info] > git config --get commit.template [14ms]
2025-03-13 21:32:21.490 [info] > git for-each-ref --format=%(refname)%00%(upstream:short)%00%(objectname)%00%(upstream:track)%00%(upstream:remotename)%00%(upstream:remoteref) refs/heads/main refs/remotes/main [3ms]
2025-03-13 21:32:21.515 [info] > git status -z -uall [13ms]
2025-03-13 21:32:21.517 [info] > git for-each-ref --sort -committerdate --format %(refname) %(objectname) %(*objectname) [3ms]
2025-03-13 21:32:25.181 [info] > git show --textconv :src/the_real_work.c [10ms]
2025-03-13 21:32:25.183 [info] > git ls-files --stage -- /home/zfarouk/Desktop/warbiiiii/src/the_real_work.c [2ms]
2025-03-13 21:32:25.193 [info] > git cat-file -s fcf3cd740af3a887f13b835f68923a6397e0c271 [2ms]
2025-03-13 21:32:26.542 [info] > git config --get commit.template [10ms]
2025-03-13 21:32:26.543 [info] > git for-each-ref --format=%(refname)%00%(upstream:short)%00%(objectname)%00%(upstream:track)%00%(upstream:remotename)%00%(upstream:remoteref) refs/heads/main refs/remotes/main [2ms]
2025-03-13 21:32:26.561 [info] > git status -z -uall [10ms]
2025-03-13 21:32:26.563 [info] > git for-each-ref --sort -committerdate --format %(refname) %(objectname) %(*objectname) [3ms]
2025-03-13 21:32:31.589 [info] > git config --get commit.template [10ms]
2025-03-13 21:32:31.589 [info] > git for-each-ref --format=%(refname)%00%(upstream:short)%00%(objectname)%00%(upstream:track)%00%(upstream:remotename)%00%(upstream:remoteref) refs/heads/main refs/remotes/main [1ms]
2025-03-13 21:32:31.608 [info] > git status -z -uall [10ms]
2025-03-13 21:32:31.609 [info] > git for-each-ref --sort -committerdate --format %(refname) %(objectname) %(*objectname) [2ms]
2025-03-13 21:32:36.632 [info] > git config --get commit.template [9ms]
2025-03-13 21:32:36.633 [info] > git for-each-ref --format=%(refname)%00%(upstream:short)%00%(objectname)%00%(upstream:track)%00%(upstream:remotename)%00%(upstream:remoteref) refs/heads/main refs/remotes/main [1ms]
2025-03-13 21:32:36.652 [info] > git status -z -uall [10ms]
2025-03-13 21:32:36.654 [info] > git for-each-ref --sort -committerdate --format %(refname) %(objectname) %(*objectname) [2ms]
2025-03-13 21:32:41.679 [info] > git config --get commit.template [10ms]
2025-03-13 21:32:41.680 [info] > git for-each-ref --format=%(refname)%00%(upstream:short)%00%(objectname)%00%(upstream:track)%00%(upstream:remotename)%00%(upstream:remoteref) refs/heads/main refs/remotes/main [2ms]
2025-03-13 21:32:41.698 [info] > git status -z -uall [9ms]
2025-03-13 21:32:41.699 [info] > git for-each-ref --sort -committerdate --format %(refname) %(objectname) %(*objectname) [1ms]
2025-03-13 21:32:46.722 [info] > git config --get commit.template [9ms]
2025-03-13 21:32:46.723 [info] > git for-each-ref --format=%(refname)%00%(upstream:short)%00%(objectname)%00%(upstream:track)%00%(upstream:remotename)%00%(upstream:remoteref) refs/heads/main refs/remotes/main [2ms]
2025-03-13 21:32:46.741 [info] > git status -z -uall [9ms]
2025-03-13 21:32:46.742 [info] > git for-each-ref --sort -committerdate --format %(refname) %(objectname) %(*objectname) [1ms]
2025-03-13 21:32:51.766 [info] > git config --get commit.template [10ms]
2025-03-13 21:32:51.767 [info] > git for-each-ref --format=%(refname)%00%(upstream:short)%00%(objectname)%00%(upstream:track)%00%(upstream:remotename)%00%(upstream:remoteref) refs/heads/main refs/remotes/main [2ms]
2025-03-13 21:32:51.785 [info] > git status -z -uall [10ms]
2025-03-13 21:32:51.786 [info] > git for-each-ref --sort -committerdate --format %(refname) %(objectname) %(*objectname) [1ms]
2025-03-13 21:32:56.810 [info] > git config --get commit.template [10ms]
2025-03-13 21:32:56.811 [info] > git for-each-ref --format=%(refname)%00%(upstream:short)%00%(objectname)%00%(upstream:track)%00%(upstream:remotename)%00%(upstream:remoteref) refs/heads/main refs/remotes/main [2ms]
2025-03-13 21:32:56.830 [info] > git status -z -uall [10ms]
2025-03-13 21:32:56.832 [info] > git for-each-ref --sort -committerdate --format %(refname) %(objectname) %(*objectname) [2ms]
2025-03-13 21:32:57.430 [info] > git blame --root --incremental d926e6b4754f80af2bc7ec69377beae45996df64 -- /home/zfarouk/Desktop/warbiiiii/src/the_real_work.c [4ms]
